<?xml version="1.0" encoding="UTF-8"?>
<!-- Generated by org.testng.reporters.JUnitReportReporter -->
<testsuite skipped="0" hostname="XO-QA-FC-014" name="hybrid.Controller" tests="1" failures="0" timestamp="26 Feb 2018 17:12:37 GMT" time="27.969" errors="0">
  <testcase name="driver" time="27.969" classname="hybrid.Controller"/>
</testsuite> <!-- hybrid.Controller -->
